# menu.lst - See: grub(8), info grub, update-grub(8)
#            grub-install(8), grub-floppy(8),
#            grub-md5-crypt, /usr/share/doc/grub
#            and /usr/share/doc/grub-doc/.

default         saved
timeout 5
color cyan/blue white/blue
#
title Debian live
  kernel /live/vmlinuz1 vga=791 ramdisk_size=100000 boot=live username=user hostname=debian persistent
  initrd /live/initrd1.img
  boot

title Debian live nopersistent
  kernel /live/vmlinuz1 vga=791 ramdisk_size=100000 boot=live username=user hostname=debian nopersistent
  initrd /live/initrd1.img
  boot

title Debian live-failsafe
  kernel /live/vmlinuz1 ramdisk_size=100000 boot=live username=user hostname=debian nopersistent noapic noapm nodma nomce nolapic nosmp vga=normal
  initrd /live/initrd1.img
  boot

title Memtest
  kernel /live/memtest
  boot
